WARNING: All log messages before absl::InitializeLog() is called are written to STDERR
I0000 00:00:1778953617.443428   12832 port.cc:153] oneDNN custom operations are on. You may see slightly different numerical results due to floating-point round-off errors from different computation orders. To turn them off, set the environment variable `TF_ENABLE_ONEDNN_OPTS=0`.
WARNING: All log messages before absl::InitializeLog() is called are written to STDERR
I0000 00:00:1778953630.130828   12832 port.cc:153] oneDNN custom operations are on. You may see slightly different numerical results due to floating-point round-off errors from different computation orders. To turn them off, set the environment variable `TF_ENABLE_ONEDNN_OPTS=0`.
W0000 00:00:1778953642.797860   14796 face_landmarker_graph.cc:180] Sets FaceBlendshapesGraph acceleration to xnnpack by default.
INFO: Created TensorFlow Lite XNNPACK delegate for CPU.
W0000 00:00:1778953642.834131   14432 inference_feedback_manager.cc:121] Feedback manager requires a model with a single signature inference. Disabling support for feedback tensors.
W0000 00:00:1778953642.849896   14952 inference_feedback_manager.cc:121] Feedback manager requires a model with a single signature inference. Disabling support for feedback tensors.
Traceback (most recent call last):
  File "C:\Users\lucas\Videos\mouse-invis\xedvel\start_yeux.py", line 10, in <module>
    subprocess.run(
  File "C:\Users\lucas\AppData\Local\Programs\Python\Python312\Lib\subprocess.py", line 550, in run
    stdout, stderr = process.communicate(input, timeout=timeout)
                     ^^^^^^^^^^^^^^^^^^^^^^^^^^^^^^^^^^^^^^^^^^^
  File "C:\Users\lucas\AppData\Local\Programs\Python\Python312\Lib\subprocess.py", line 1201, in communicate
    self.wait()
  File "C:\Users\lucas\AppData\Local\Programs\Python\Python312\Lib\subprocess.py", line 1264, in wait
    return self._wait(timeout=timeout)
           ^^^^^^^^^^^^^^^^^^^^^^^^^^^
  File "C:\Users\lucas\AppData\Local\Programs\Python\Python312\Lib\subprocess.py", line 1588, in _wait
    result = _winapi.WaitForSingleObject(self._handle,
             ^^^^^^^^^^^^^^^^^^^^^^^^^^^^^^^^^^^^^^^^^
KeyboardInterrupt
